{
  "RSpec": {
    "coverage": {
      "/Users/marcosvicente/Personal/Credishop/spec/helpers/relatory_helper_spec.rb": {
        "lines": [
          1,
          null,
          null,
          null,
          null,
          null,
          null,
          null,
          null,
          null,
          null,
          null,
          1,
          1,
          null
        ]
      },
      "/Users/marcosvicente/Personal/Credishop/spec/models/address_spec.rb": {
        "lines": [
          null,
          null,
          null,
          null,
          null,
          null,
          null,
          null,
          null,
          null,
          null,
          null,
          null,
          null,
          1,
          null,
          1,
          null,
          7,
          2,
          2,
          2,
          2,
          2,
          2,
          null
        ]
      },
      "/Users/marcosvicente/Personal/Credishop/app/models/address.rb": {
        "lines": [
          null,
          null,
          null,
          null,
          null,
          null,
          null,
          null,
          null,
          null,
          null,
          null,
          null,
          null,
          1,
          null,
          1,
          null,
          1,
          1,
          1,
          1,
          1,
          1,
          null
        ]
      },
      "/Users/marcosvicente/Personal/Credishop/app/models/application_record.rb": {
        "lines": [
          1,
          1,
          null
        ]
      },
      "/Users/marcosvicente/Personal/Credishop/spec/models/inss_spec.rb": {
        "lines": [
          null,
          null,
          null,
          null,
          null,
          null,
          null,
          null,
          null,
          null,
          null,
          1,
          null,
          1,
          2,
          2,
          2,
          null
        ]
      },
      "/Users/marcosvicente/Personal/Credishop/app/models/inss.rb": {
        "lines": [
          null,
          null,
          null,
          null,
          null,
          null,
          null,
          null,
          null,
          null,
          null,
          1,
          1,
          1,
          1,
          null
        ]
      },
      "/Users/marcosvicente/Personal/Credishop/spec/models/phone_spec.rb": {
        "lines": [
          null,
          null,
          null,
          null,
          null,
          null,
          null,
          null,
          null,
          null,
          null,
          null,
          null,
          null,
          null,
          null,
          null,
          null,
          null,
          1,
          null,
          1,
          2,
          null,
          3,
          2,
          null
        ]
      },
      "/Users/marcosvicente/Personal/Credishop/app/models/phone.rb": {
        "lines": [
          null,
          null,
          null,
          null,
          null,
          null,
          null,
          null,
          null,
          null,
          null,
          null,
          null,
          null,
          null,
          null,
          null,
          null,
          null,
          1,
          1,
          null,
          1,
          null
        ]
      },
      "/Users/marcosvicente/Personal/Credishop/spec/models/proponent_spec.rb": {
        "lines": [
          null,
          null,
          null,
          null,
          null,
          null,
          null,
          null,
          null,
          null,
          null,
          null,
          null,
          null,
          null,
          null,
          null,
          null,
          null,
          null,
          null,
          null,
          null,
          null,
          1,
          null,
          1,
          2,
          2,
          null,
          8,
          2,
          2,
          2,
          null,
          1,
          1,
          1,
          1,
          null,
          null,
          1,
          1,
          1,
          null,
          null,
          null
        ]
      },
      "/Users/marcosvicente/Personal/Credishop/app/models/proponent.rb": {
        "lines": [
          null,
          null,
          null,
          null,
          null,
          null,
          null,
          null,
          null,
          null,
          null,
          null,
          null,
          null,
          null,
          null,
          null,
          null,
          null,
          null,
          null,
          null,
          null,
          null,
          1,
          null,
          1,
          1,
          null,
          1,
          1,
          null,
          1,
          1,
          null,
          1,
          1,
          1,
          null,
          1,
          null,
          1,
          null,
          1,
          241,
          null,
          null,
          1,
          108,
          null,
          null,
          null
        ]
      },
      "/Users/marcosvicente/Personal/Credishop/spec/requests/proponents_spec.rb": {
        "lines": [
          1,
          null,
          1,
          null,
          1,
          3,
          1,
          1,
          1,
          null,
          null,
          1,
          1,
          null,
          null,
          1,
          null,
          null,
          null,
          1,
          2,
          null,
          1,
          1,
          1,
          null,
          null,
          null,
          1,
          1,
          1,
          1,
          null,
          null,
          null,
          1,
          2,
          null,
          1,
          1,
          1,
          null,
          null,
          null,
          1,
          1,
          3,
          3,
          null,
          3,
          1,
          2,
          2,
          null,
          null,
          1,
          1,
          1,
          null,
          null,
          null,
          1,
          1,
          1,
          null,
          null,
          null,
          1,
          3,
          null,
          1,
          1,
          1,
          null,
          null,
          null,
          null,
          1,
          1,
          1,
          null,
          null,
          null,
          null,
          null,
          1,
          1,
          3,
          3,
          null,
          1,
          1,
          1,
          1,
          1,
          1,
          1,
          1,
          null,
          null,
          1,
          1,
          1,
          1,
          null,
          null,
          null,
          null,
          null,
          1,
          2,
          2,
          null,
          1,
          1,
          1,
          null,
          null,
          null,
          null,
          null,
          1,
          3,
          1,
          1,
          1,
          null,
          null,
          null,
          1,
          1,
          1,
          null,
          null,
          null
        ]
      },
      "/Users/marcosvicente/Personal/Credishop/spec/requests/relatory_spec.rb": {
        "lines": [
          1,
          null,
          1,
          1,
          1,
          1,
          1,
          null,
          null,
          null,
          null
        ]
      },
      "/Users/marcosvicente/Personal/Credishop/spec/routing/proponents_routing_spec.rb": {
        "lines": [
          1,
          null,
          1,
          1,
          1,
          1,
          null,
          null,
          1,
          1,
          null,
          null,
          1,
          1,
          null,
          null,
          1,
          1,
          null,
          null,
          null,
          1,
          1,
          null,
          null,
          1,
          1,
          null,
          null,
          1,
          1,
          null,
          null,
          1,
          1,
          null,
          null,
          null
        ]
      },
      "/Users/marcosvicente/Personal/Credishop/app/controllers/proponents_controller.rb": {
        "lines": [
          1,
          1,
          null,
          null,
          1,
          2,
          null,
          null,
          null,
          1,
          null,
          null,
          null,
          1,
          1,
          1,
          1,
          null,
          null,
          null,
          1,
          null,
          null,
          null,
          1,
          4,
          null,
          4,
          2,
          null,
          2,
          null,
          null,
          null,
          null,
          null,
          1,
          3,
          3,
          6,
          3,
          null,
          0,
          0,
          null,
          null,
          null,
          null,
          null,
          1,
          2,
          2,
          null,
          2,
          4,
          2,
          null,
          null,
          null,
          1,
          null,
          1,
          7,
          null,
          null,
          null,
          1,
          7,
          null,
          null,
          null,
          null,
          null,
          null,
          null,
          null,
          null,
          null,
          null,
          null,
          null,
          null,
          null,
          null,
          null,
          null,
          null,
          null,
          null,
          1,
          4,
          null,
          null,
          null,
          null
        ]
      },
      "/Users/marcosvicente/Personal/Credishop/app/controllers/application_controller.rb": {
        "lines": [
          1,
          null
        ]
      },
      "/Users/marcosvicente/Personal/Credishop/spec/service/inss_calculation_service_spec.rb": {
        "lines": [
          1,
          null,
          1,
          1,
          1,
          1,
          4,
          4,
          4,
          null,
          1,
          1,
          null,
          1,
          1,
          1,
          null,
          null,
          1,
          1,
          null,
          1,
          1,
          1,
          null,
          1,
          1,
          null,
          1,
          1,
          1,
          null,
          null,
          null,
          1,
          4,
          4,
          4,
          null,
          1,
          1,
          null,
          1,
          null,
          1,
          1,
          null,
          null,
          1,
          1,
          null,
          1,
          null,
          1,
          1,
          null,
          1,
          1,
          null,
          1,
          null,
          1,
          1,
          null,
          null,
          null,
          1,
          4,
          4,
          4,
          null,
          1,
          1,
          null,
          1,
          null,
          1,
          1,
          null,
          null,
          1,
          1,
          null,
          1,
          null,
          1,
          1,
          null,
          1,
          1,
          null,
          1,
          null,
          1,
          1,
          null,
          null,
          1,
          4,
          4,
          4,
          null,
          1,
          1,
          null,
          1,
          null,
          1,
          1,
          null,
          null,
          1,
          1,
          null,
          1,
          null,
          1,
          1,
          null,
          null,
          1,
          1,
          null,
          1,
          null,
          1,
          1,
          null,
          null,
          null,
          null,
          null,
          1,
          2,
          null,
          1,
          1,
          null,
          1,
          null,
          null,
          null,
          null
        ]
      },
      "/Users/marcosvicente/Personal/Credishop/app/service/inss_calculation_service.rb": {
        "lines": [
          1,
          1,
          1,
          null,
          1,
          134,
          134,
          134,
          null,
          null,
          1,
          134,
          null,
          134,
          null,
          null,
          130,
          null,
          null,
          null,
          null,
          null,
          1,
          134,
          134,
          null,
          130,
          21,
          null,
          109,
          null,
          null,
          null,
          1,
          176,
          null,
          null,
          1,
          670,
          null,
          134,
          21,
          null,
          null,
          113,
          null,
          113,
          null,
          null
        ]
      },
      "/Users/marcosvicente/Personal/Credishop/spec/service/inss_create_salary_service_spec.rb": {
        "lines": [
          1,
          null,
          1,
          1,
          1,
          1,
          4,
          4,
          4,
          null,
          1,
          1,
          null,
          1,
          1,
          1,
          1,
          null,
          null,
          1,
          1,
          null,
          1,
          1,
          1,
          1,
          null,
          null,
          1,
          1,
          null,
          1,
          1,
          1,
          1,
          null,
          null,
          null,
          1,
          4,
          4,
          4,
          null,
          1,
          1,
          null,
          1,
          1,
          1,
          1,
          null,
          null,
          1,
          1,
          null,
          1,
          null,
          1,
          1,
          1,
          null,
          null,
          1,
          1,
          null,
          1,
          1,
          1,
          1,
          null,
          null,
          null,
          1,
          4,
          4,
          4,
          null,
          1,
          1,
          null,
          1,
          1,
          1,
          1,
          null,
          null,
          1,
          1,
          null,
          1,
          1,
          1,
          1,
          null,
          null,
          1,
          1,
          null,
          1,
          1,
          1,
          1,
          null,
          null,
          null,
          1,
          4,
          4,
          4,
          null,
          1,
          1,
          null,
          1,
          1,
          1,
          1,
          null,
          null,
          1,
          1,
          null,
          1,
          1,
          1,
          1,
          null,
          null,
          1,
          1,
          null,
          1,
          1,
          1,
          1,
          null,
          null,
          null,
          null,
          null,
          1,
          2,
          null,
          1,
          1,
          null,
          1,
          null,
          null,
          1,
          1,
          1,
          1,
          null,
          null,
          null,
          null
        ]
      },
      "/Users/marcosvicente/Personal/Credishop/app/service/inss_create_salary_service.rb": {
        "lines": [
          1,
          1,
          1,
          null,
          1,
          121,
          121,
          null,
          null,
          1,
          121,
          121,
          null,
          118,
          null,
          null,
          1,
          118,
          118,
          118,
          118,
          118,
          null,
          null,
          null
        ]
      },
      "/Users/marcosvicente/Personal/Credishop/spec/worker/create_salary_dependeces_worker_spec.rb": {
        "lines": [
          1,
          null,
          1,
          4,
          null,
          1,
          1,
          1,
          1,
          null,
          null,
          1,
          1,
          1,
          null,
          null,
          null,
          1,
          1,
          1,
          null,
          null
        ]
      },
      "/Users/marcosvicente/Personal/Credishop/app/workers/create_salary_dependeces_worker.rb": {
        "lines": [
          1,
          1,
          1,
          1,
          null,
          1,
          0,
          0,
          null,
          null
        ]
      },
      "/Users/marcosvicente/Personal/Credishop/app/controllers/relatory_controller.rb": {
        "lines": [
          1,
          1,
          1,
          1,
          5,
          null,
          null
        ]
      }
    },
    "timestamp": 1699298496
  }
}
